<?xml version="1.0" encoding="UTF-8"?>
<testsuites name="jest tests" tests="1" failures="0" errors="0" time="0.708">
  <testsuite name="AppHeader.js" errors="0" failures="0" skipped="0" timestamp="2022-12-09T11:31:15" time="0.622" tests="1">
    <testcase classname="AppHeader.js example test" name="AppHeader.js example test" time="0.004">
    </testcase>
  </testsuite>
</testsuites>